Inicial; Dump posicoes [1:6, 1:6] de tabuleiro 6 x 6
=======
.X....
..X...
XXX...
......
......
......
=======
Iter 001; Dump posicoes [1:6, 1:6] de tabuleiro 6 x 6
=======
.X....
..X...
XXX...
......
......
......
=======
Iter 002; Dump posicoes [1:6, 1:6] de tabuleiro 6 x 6
=======
......
..X...
X.X...
.XX...
......
......
=======
Iter 003; Dump posicoes [1:6, 1:6] de tabuleiro 6 x 6
=======
......
..X...
X.X...
.XX...
......
......
=======
Iter 004; Dump posicoes [1:6, 1:6] de tabuleiro 6 x 6
=======
......
..X...
...X..
.XXX..
......
......
=======
Iter 005; Dump posicoes [1:6, 1:6] de tabuleiro 6 x 6
=======
......
..X...
...X..
.XXX..
......
......
=======
Iter 006; Dump posicoes [1:6, 1:6] de tabuleiro 6 x 6
=======
......
......
...X..
.X.X..
..XX..
......
=======
Iter 007; Dump posicoes [1:6, 1:6] de tabuleiro 6 x 6
=======
......
......
...X..
.X.X..
..XX..
......
=======
Iter 008; Dump posicoes [1:6, 1:6] de tabuleiro 6 x 6
=======
......
......
...X..
....X.
..XXX.
......
=======
Iter 009; Dump posicoes [1:6, 1:6] de tabuleiro 6 x 6
=======
......
......
...X..
....X.
..XXX.
......
=======
Iter 010; Dump posicoes [1:6, 1:6] de tabuleiro 6 x 6
=======
......
......
......
....X.
..X.X.
...XX.
=======
Iter 011; Dump posicoes [1:6, 1:6] de tabuleiro 6 x 6
=======
......
......
......
....X.
..X.X.
...XX.
=======
Iter 012; Dump posicoes [1:6, 1:6] de tabuleiro 6 x 6
=======
......
......
......
....X.
.....X
...XXX
=======
processo 0 testando linha 0, linha CORRETA, count 0 
processo 0 testando linha 1, linha CORRETA, count 0 
processo 0 testando linha 2, linha CORRETA, count 0 
processo 0 testando linha 3, linha CORRETA, count 0 
processo 0 testando linha 4, linha CORRETA, count 1 
Resultado final está correto! 
processo 1 testando linha 3, linha CORRETA, count 0 
processo 1 testando linha 4, linha CORRETA, count 1 
processo 1 testando linha 5, linha CORRETA, count 1 
processo 1 testando linha 6, linha CORRETA, count 3 
processo 1 testando linha 7, linha CORRETA, count 0 
