Inicial; Dump posicoes [1:6, 1:6] de tabuleiro 6 x 6
=======
.X....
esperando mensagem do processo 1 para linha 2
XXX...
esperando mensagem do processo 2 para linha 3
......
esperando mensagem do processo 3 para linha 4
......
esperando mensagem do processo 4 para linha 5
......
esperando mensagem do processo 5 para linha 6
......
enviando mensagem do processo 1 para linha 2
enviando mensagem do processo 2 para linha 3
enviando mensagem do processo 3 para linha 4
enviando mensagem do processo 4 para linha 5
enviando mensagem do processo 5 para linha 6
=======
processo 0 testando linha 0, linha CORRETA, count 0 
processo 0 testando linha 1, linha INCORRETA, count 1 
processo 0 testando linha 2, linha INCORRETA, count 1 
Resultado final está incorreto! 
processo 1 testando linha 1, linha INCORRETA, count 1 
processo 1 testando linha 2, linha INCORRETA, count 1 
processo 1 testando linha 3, linha INCORRETA, count 3 
processo 3 testando linha 3, linha INCORRETA, count 3 
processo 3 testando linha 4, linha INCORRETA, count 0 
processo 3 testando linha 5, linha INCORRETA, count 0 
processo 4 testando linha 4, linha INCORRETA, count 0 
processo 4 testando linha 5, linha INCORRETA, count 0 
processo 4 testando linha 6, linha INCORRETA, count 0 
processo 2 testando linha 2, linha INCORRETA, count 1 
processo 2 testando linha 3, linha INCORRETA, count 3 
processo 2 testando linha 4, linha INCORRETA, count 0 
processo 5 testando linha 5, linha INCORRETA, count 0 
processo 5 testando linha 6, linha INCORRETA, count 0 
processo 5 testando linha 7, linha INCORRETA, count 0 
