processo 2 testando linha 4, linha INCORRETA, count 0 
processo 2 testando linha 5, linha INCORRETA, count 0 
processo 2 testando linha 6, linha INCORRETA, count 0 
processo 2 testando linha 7, linha INCORRETA, count 0 
Inicial; Dump posicoes [1:6, 1:6] de tabuleiro 6 x 6
=======
.X....
..X...
XXX...
......
......
......
=======
processo 0 testando linha 0, linha CORRETA, count 0 
processo 0 testando linha 1, linha INCORRETA, count 1 
processo 0 testando linha 2, linha INCORRETA, count 1 
processo 0 testando linha 3, linha INCORRETA, count 3 
Resultado final está incorreto! 
processo 1 testando linha 2, linha INCORRETA, count 1 
processo 1 testando linha 3, linha INCORRETA, count 3 
processo 1 testando linha 4, linha INCORRETA, count 0 
processo 1 testando linha 5, linha INCORRETA, count 0 
